[2025-04-29 17:11:49] 服务器启动，等待客户端连接...
[2025-04-29 17:11:50] 客户端已连接，分配线程编号：1
[2025-04-29 17:11:50] 线程 1 已提交到线程池，处理客户端请求。
[2025-04-29 17:11:50] 客户端已连接，分配线程编号：2
[2025-04-29 17:11:50] 线程 2 已提交到线程池，处理客户端请求。
[2025-04-29 17:11:50] 客户端已连接，分配线程编号：3
[2025-04-29 17:11:50] 线程 3 已提交到线程池，处理客户端请求。
[2025-04-29 17:11:50] 客户端已连接，分配线程编号：4
[2025-04-29 17:11:50] 线程 4 已提交到线程池，处理客户端请求。
[2025-04-29 17:11:50] 客户端已连接，分配线程编号：5
[2025-04-29 17:11:50] 线程 2 已发送第 1 次消息。
[2025-04-29 17:11:50] 线程 1 已发送第 1 次消息。
[2025-04-29 17:11:50] 线程 5 已提交到线程池，处理客户端请求。
[2025-04-29 17:11:50] 线程 3 已发送第 1 次消息。
[2025-04-29 17:11:50] 线程 5 已发送第 1 次消息。
[2025-04-29 17:11:50] 线程 4 已发送第 1 次消息。
[2025-04-29 17:11:51] 线程 2 已发送第 2 次消息。
[2025-04-29 17:11:51] 线程 1 已发送第 2 次消息。
[2025-04-29 17:11:51] 线程 3 已发送第 2 次消息。
[2025-04-29 17:11:51] 线程 5 已发送第 2 次消息。
[2025-04-29 17:11:51] 线程 4 已发送第 2 次消息。
[2025-04-29 17:11:52] 线程 1 已发送第 3 次消息。
[2025-04-29 17:11:52] 线程 2 已发送第 3 次消息。
[2025-04-29 17:11:52] 线程 3 已发送第 3 次消息。
[2025-04-29 17:11:52] 线程 5 已发送第 3 次消息。
[2025-04-29 17:11:52] 线程 4 已发送第 3 次消息。
[2025-04-29 17:11:53] 线程 2 已发送第 4 次消息。
[2025-04-29 17:11:53] 线程 1 已发送第 4 次消息。
[2025-04-29 17:11:53] 线程 3 已发送第 4 次消息。
[2025-04-29 17:11:53] 线程 5 已发送第 4 次消息。
[2025-04-29 17:11:53] 线程 4 已发送第 4 次消息。
[2025-04-29 17:11:54] 线程 1 已发送第 5 次消息。
[2025-04-29 17:11:54] 线程 2 已发送第 5 次消息。
[2025-04-29 17:11:54] 线程 3 已发送第 5 次消息。
[2025-04-29 17:11:54] 线程 5 已发送第 5 次消息。
[2025-04-29 17:11:54] 线程 4 已发送第 5 次消息。
[2025-04-29 17:11:55] 线程 1 已关闭客户端连接。
[2025-04-29 17:11:55] 线程 2 已关闭客户端连接。
[2025-04-29 17:11:55] 线程 3 已关闭客户端连接。
[2025-04-29 17:11:55] 线程 5 已关闭客户端连接。
[2025-04-29 17:11:55] 线程 4 已关闭客户端连接。
